# JRE version: OpenJDK Runtime Environment Temurin-21.0.6+7 (21.0.6+7) (build 21.0.6+7-LTS)
# Java VM: OpenJDK 64-Bit Server VM Temurin-21.0.6+7 (21.0.6+7-LTS, mixed mode, sharing, tiered, compressed oops, compressed class ptrs, g1 gc, windows-amd64)
GC Precious Log:
 CardTable entry size: 512
 Card Set container configuration: InlinePtr #cards 4 size 8 Array Of Cards #cards 16 size 48 Howl #buckets 8 coarsen threshold 3686 Howl Bitmap #cards 512 size 80 coarsen threshold 460 Card regions per heap region 1 cards per card region 4096
 CPUs: 4 total, 4 available
 Memory: 16199M
 Large Page Support: Disabled
 NUMA Support: Disabled
 Compressed Oops: Enabled (Zero based)
 Heap Region Size: 2M
 Heap Min Capacity: 8M
 Heap Initial Capacity: 254M
 Heap Max Capacity: 4050M
 Pre-touch: Disabled
 Parallel Workers: 4
 Concurrent Workers: 1
 Concurrent Refinement Workers: 4
 Periodic GC: Disabled
Heap:
 garbage-first heap   total 260096K, used 168960K [0x0000000702e00000, 0x0000000800000000)
  region size 2048K, 3 young (6144K), 3 survivors (6144K)
 Metaspace       used 18158K, committed 18432K, reserved 1114112K
  class space    used 2023K, committed 2176K, reserved 1048576K
GC Heap History (17 events):
Event: 1.388 GC heap before
{Heap before GC invocations=0 (full 0):
 garbage-first heap   total 260096K, used 10240K [0x0000000702e00000, 0x0000000800000000)
  region size 2048K, 6 young (12288K), 0 survivors (0K)
 Metaspace       used 3043K, committed 3264K, reserved 1114112K
  class space    used 318K, committed 448K, reserved 1048576K
}
Event: 1.393 GC heap after
{Heap after GC invocations=1 (full 0):
 garbage-first heap   total 260096K, used 3531K [0x0000000702e00000, 0x0000000800000000)
  region size 2048K, 1 young (2048K), 1 survivors (2048K)
 Metaspace       used 3043K, committed 3264K, reserved 1114112K
  class space    used 318K, committed 448K, reserved 1048576K
}
Event: 2.154 GC heap before
{Heap before GC invocations=1 (full 0):
 garbage-first heap   total 260096K, used 15819K [0x0000000702e00000, 0x0000000800000000)
  region size 2048K, 7 young (14336K), 1 survivors (2048K)
 Metaspace       used 6735K, committed 7040K, reserved 1114112K
  class space    used 740K, committed 896K, reserved 1048576K
}
Event: 2.159 GC heap after
{Heap after GC invocations=2 (full 0):
 garbage-first heap   total 260096K, used 4730K [0x0000000702e00000, 0x0000000800000000)
  region size 2048K, 1 young (2048K), 1 survivors (2048K)
 Metaspace       used 6735K, committed 7040K, reserved 1114112K
  class space    used 740K, committed 896K, reserved 1048576K
}
Event: 4.222 GC heap before
{Heap before GC invocations=2 (full 0):
 garbage-first heap   total 260096K, used 53882K [0x0000000702e00000, 0x0000000800000000)
  region size 2048K, 14 young (28672K), 1 survivors (2048K)
 Metaspace       used 15934K, committed 16256K, reserved 1114112K
  class space    used 1762K, committed 1920K, reserved 1048576K
}
Event: 4.231 GC heap after
{Heap after GC invocations=3 (full 0):
 garbage-first heap   total 260096K, used 21042K [0x0000000702e00000, 0x0000000800000000)
  region size 2048K, 2 young (4096K), 2 survivors (4096K)
 Metaspace       used 15934K, committed 16256K, reserved 1114112K
  class space    used 1762K, committed 1920K, reserved 1048576K
}
Event: 5.907 GC heap before
{Heap before GC invocations=3 (full 0):
 garbage-first heap   total 260096K, used 94770K [0x0000000702e00000, 0x0000000800000000)
  region size 2048K, 39 young (79872K), 2 survivors (4096K)
 Metaspace       used 18001K, committed 18368K, reserved 1114112K
  class space    used 1993K, committed 2176K, reserved 1048576K
}
Event: 5.923 GC heap after
{Heap after GC invocations=4 (full 0):
 garbage-first heap   total 260096K, used 25588K [0x0000000702e00000, 0x0000000800000000)
  region size 2048K, 5 young (10240K), 5 survivors (10240K)
 Metaspace       used 18001K, committed 18368K, reserved 1114112K
  class space    used 1993K, committed 2176K, reserved 1048576K
}
Event: 8.179 GC heap before
{Heap before GC invocations=4 (full 0):
 garbage-first heap   total 260096K, used 170996K [0x0000000702e00000, 0x0000000800000000)
  region size 2048K, 76 young (155648K), 5 survivors (10240K)
 Metaspace       used 18158K, committed 18432K, reserved 1114112K
  class space    used 2023K, committed 2176K, reserved 1048576K
}
Event: 8.300 GC heap after
{Heap after GC invocations=5 (full 0):
 garbage-first heap   total 260096K, used 81920K [0x0000000702e00000, 0x0000000800000000)
  region size 2048K, 10 young (20480K), 10 survivors (20480K)
 Metaspace       used 18158K, committed 18432K, reserved 1114112K
  class space    used 2023K, committed 2176K, reserved 1048576K
}
Event: 8.307 GC heap before
{Heap before GC invocations=5 (full 0):
 garbage-first heap   total 260096K, used 83968K [0x0000000702e00000, 0x0000000800000000)
  region size 2048K, 11 young (22528K), 10 survivors (20480K)
 Metaspace       used 18158K, committed 18432K, reserved 1114112K
  class space    used 2023K, committed 2176K, reserved 1048576K
}
Event: 8.366 GC heap after
{Heap after GC invocations=6 (full 0):
 garbage-first heap   total 260096K, used 87860K [0x0000000702e00000, 0x0000000800000000)
  region size 2048K, 2 young (4096K), 2 survivors (4096K)
 Metaspace       used 18158K, committed 18432K, reserved 1114112K
  class space    used 2023K, committed 2176K, reserved 1048576K
}
Event: 8.566 GC heap before
{Heap before GC invocations=6 (full 0):
 garbage-first heap   total 260096K, used 143156K [0x0000000702e00000, 0x0000000800000000)
  region size 2048K, 29 young (59392K), 2 survivors (4096K)
 Metaspace       used 18158K, committed 18432K, reserved 1114112K
  class space    used 2023K, committed 2176K, reserved 1048576K
}
Event: 8.609 GC heap after
{Heap after GC invocations=7 (full 0):
 garbage-first heap   total 260096K, used 125952K [0x0000000702e00000, 0x0000000800000000)
  region size 2048K, 4 young (8192K), 4 survivors (8192K)
 Metaspace       used 18158K, committed 18432K, reserved 1114112K
  class space    used 2023K, committed 2176K, reserved 1048576K
}
Event: 8.639 GC heap before
{Heap before GC invocations=7 (full 0):
 garbage-first heap   total 260096K, used 134144K [0x0000000702e00000, 0x0000000800000000)
  region size 2048K, 8 young (16384K), 4 survivors (8192K)
 Metaspace       used 18158K, committed 18432K, reserved 1114112K
  class space    used 2023K, committed 2176K, reserved 1048576K
}
Event: 8.656 GC heap after
{Heap after GC invocations=8 (full 0):
 garbage-first heap   total 260096K, used 134144K [0x0000000702e00000, 0x0000000800000000)
  region size 2048K, 1 young (2048K), 1 survivors (2048K)
 Metaspace       used 18158K, committed 18432K, reserved 1114112K
  class space    used 2023K, committed 2176K, reserved 1048576K
}
Event: 8.891 GC heap before
{Heap before GC invocations=8 (full 0):
 garbage-first heap   total 260096K, used 179200K [0x0000000702e00000, 0x0000000800000000)
  region size 2048K, 24 young (49152K), 1 survivors (2048K)
 Metaspace       used 18158K, committed 18432K, reserved 1114112K
  class space    used 2023K, committed 2176K, reserved 1048576K
}

